#-----------------------------------------------------------
# Vivado v2015.4 (64-bit)
# SW Build 1412921 on Wed Nov 18 09:44:32 MST 2015
# IP Build 1412160 on Tue Nov 17 13:47:24 MST 2015
# Start of session at: Mon Nov 20 16:04:06 2017
# Process ID: 5232
# Current directory: /home/marc/MIRI/PA/PA_Project_sources
# Command line: vivado
# Log file: /home/marc/MIRI/PA/PA_Project_sources/vivado.log
# Journal file: /home/marc/MIRI/PA/PA_Project_sources/vivado.jou
#-----------------------------------------------------------
start_gui
open_project /home/marc/face-detection/face-detection-pyramid/vivado_project/demographics_fpga_200_vivado/Vivado/demographics_fpga_200/demographics_fpga_200.xpr
Scanning sources...
Finished scanning sources
INFO: [Common 17-41] Interrupt caught. Command should exit soon.
INFO: [IP_Flow 19-234] Refreshing IP repositories
INFO: [IP_Flow 19-1700] Loaded user IP repository '/home/marc/face-detection/face-detection-pyramid/vivado_project/demographics_fpga_200_vivado/VivadoHLS'.
INFO: [IP_Flow 19-1700] Loaded user IP repository '/home/marc/ompss/package-cross-compiling/automatic/autoVivado/HLS/IP_cache'.
INFO: [IP_Flow 19-2313] Loaded Vivado IP repository '/home/marc/ompss/Vivado/2015.4/data/ip'.
****** Webtalk v2015.4 (64-bit)
  **** SW Build 1412921 on Wed Nov 18 09:44:32 MST 2015
  **** IP Build 1412160 on Tue Nov 17 13:47:24 MST 2015
    ** Copyright 1986-2015 Xilinx, Inc. All Rights Reserved.

source /home/marc/face-detection/face-detection-pyramid/vivado_project/demographics_fpga_200_vivado/Vivado/demographics_fpga_200/demographics_fpga_200.hw/webtalk/labtool_webtalk.tcl -notrace
INFO: [Common 17-206] Exiting Webtalk at Mon Nov 20 16:04:25 2017...
INFO: [Common 17-344] 'open_project' was cancelled
open_project /home/marc/MIRI/PA/PA_Project/PA.xpr
Scanning sources...
Finished scanning sources
INFO: [IP_Flow 19-234] Refreshing IP repositories
INFO: [IP_Flow 19-1704] No user IP repositories specified
INFO: [IP_Flow 19-2313] Loaded Vivado IP repository '/home/marc/ompss/Vivado/2015.4/data/ip'.
exit
INFO: [Common 17-206] Exiting Vivado at Mon Nov 20 16:04:50 2017...
