#-----------------------------------------------------------
# Vivado v2015.4 (64-bit)
# SW Build 1412921 on Wed Nov 18 09:44:32 MST 2015
# IP Build 1412160 on Tue Nov 17 13:47:24 MST 2015
# Start of session at: Wed Dec  6 15:21:00 2017
# Process ID: 20016
# Current directory: /home/marc/MIRI/PA/PA_Project_sources
# Command line: vivado
# Log file: /home/marc/MIRI/PA/PA_Project_sources/vivado.log
# Journal file: /home/marc/MIRI/PA/PA_Project_sources/vivado.jou
#-----------------------------------------------------------
start_gui
open_project /home/marc/MIRI/PA/PA_Project/PA.xpr
Scanning sources...
Finished scanning sources
INFO: [IP_Flow 19-234] Refreshing IP repositories
INFO: [IP_Flow 19-1704] No user IP repositories specified
INFO: [IP_Flow 19-2313] Loaded Vivado IP repository '/home/marc/ompss/Vivado/2015.4/data/ip'.
WARNING: [IP_Flow 19-3899] Cannot get the environment domain name variable for the component vendor name. Setting the vendor name to 'user.org'.
exit
INFO: [Common 17-206] Exiting Vivado at Wed Dec  6 15:22:12 2017...
