#-----------------------------------------------------------
# Vivado v2015.4 (64-bit)
# SW Build 1412921 on Wed Nov 18 09:44:32 MST 2015
# IP Build 1412160 on Tue Nov 17 13:47:24 MST 2015
# Start of session at: Thu Jan 11 14:15:12 2018
# Process ID: 2785
# Current directory: /home/marc/MIRI/PA/PA_Project_sources
# Command line: vivado
# Log file: /home/marc/MIRI/PA/PA_Project_sources/vivado.log
# Journal file: /home/marc/MIRI/PA/PA_Project_sources/vivado.jou
#-----------------------------------------------------------
start_gui
open_project /home/marc/MIRI/PA/PA_Project/PA.xpr
Scanning sources...
Finished scanning sources
INFO: [IP_Flow 19-234] Refreshing IP repositories
INFO: [IP_Flow 19-1704] No user IP repositories specified
INFO: [IP_Flow 19-2313] Loaded Vivado IP repository '/home/marc/ompss/Vivado/2015.4/data/ip'.
exit
INFO: [Common 17-206] Exiting Vivado at Thu Jan 11 14:57:36 2018...
